[ 2014-02-09T23:58:54+08:00 ] 192.168.1.100 /zun/Main/Form/form_elements
INFO: [ route_check ] --START--
INFO: CheckRoute Behavior ::run [ RunTime:0.001273s ]
INFO: [ route_check ] --END-- [ RunTime:0.001453s ]
INFO: [ app_begin ] --START--
INFO: ReadHtmlCache Behavior ::run [ RunTime:0.001184s ]
INFO: CheckLang Behavior ::run [ RunTime:0.001671s ]
INFO: [ app_begin ] --END-- [ RunTime:0.003123s ]
NOTIC: [2] preg_match() [<a href='function.preg-match'>function.preg-match</a>]: Compilation failed: missing terminating ] for character class at offset 8 E:\wamp\www\zun\App\Lib\Action\Main\MainBaseAction.class.php 第 132 行.

[ 2014-02-09T23:58:56+08:00 ] 192.168.1.100 /zun/Main/Form/form_elements
INFO: [ route_check ] --START--
INFO: CheckRoute Behavior ::run [ RunTime:0.001062s ]
INFO: [ route_check ] --END-- [ RunTime:0.001185s ]
INFO: [ app_begin ] --START--
INFO: ReadHtmlCache Behavior ::run [ RunTime:0.000686s ]
INFO: CheckLang Behavior ::run [ RunTime:0.001261s ]
INFO: [ app_begin ] --END-- [ RunTime:0.002111s ]
NOTIC: [2] preg_match() [<a href='function.preg-match'>function.preg-match</a>]: Compilation failed: missing terminating ] for character class at offset 8 E:\wamp\www\zun\App\Lib\Action\Main\MainBaseAction.class.php 第 132 行.

[ 2014-02-09T23:58:57+08:00 ] 127.0.0.1 /index.php/Main/Form/form_elements
INFO: [ route_check ] --START--
INFO: CheckRoute Behavior ::run [ RunTime:0.001195s ]
INFO: [ route_check ] --END-- [ RunTime:0.001369s ]
INFO: [ app_begin ] --START--
INFO: ReadHtmlCache Behavior ::run [ RunTime:0.000921s ]
INFO: CheckLang Behavior ::run [ RunTime:0.001010s ]
INFO: [ app_begin ] --END-- [ RunTime:0.002137s ]
NOTIC: [2] preg_match() [<a href='function.preg-match'>function.preg-match</a>]: Compilation failed: missing terminating ] for character class at offset 8 E:\wamp\www\zun\App\Lib\Action\Main\MainBaseAction.class.php 第 132 行.

[ 2014-02-09T23:58:57+08:00 ] 127.0.0.1 /index.php/Main/Form/form_elements
INFO: [ route_check ] --START--
INFO: CheckRoute Behavior ::run [ RunTime:0.001206s ]
INFO: [ route_check ] --END-- [ RunTime:0.001379s ]
INFO: [ app_begin ] --START--
INFO: ReadHtmlCache Behavior ::run [ RunTime:0.000965s ]
INFO: CheckLang Behavior ::run [ RunTime:0.000879s ]
INFO: [ app_begin ] --END-- [ RunTime:0.002020s ]
NOTIC: [2] preg_match() [<a href='function.preg-match'>function.preg-match</a>]: Compilation failed: missing terminating ] for character class at offset 8 E:\wamp\www\zun\App\Lib\Action\Main\MainBaseAction.class.php 第 132 行.

[ 2014-02-09T23:58:57+08:00 ] 127.0.0.1 /index.php/Main/Form/form_elements
INFO: [ route_check ] --START--
INFO: CheckRoute Behavior ::run [ RunTime:0.001474s ]
INFO: [ route_check ] --END-- [ RunTime:0.001655s ]
INFO: [ app_begin ] --START--
INFO: ReadHtmlCache Behavior ::run [ RunTime:0.000885s ]
INFO: CheckLang Behavior ::run [ RunTime:0.001328s ]
INFO: [ app_begin ] --END-- [ RunTime:0.002442s ]
NOTIC: [2] preg_match() [<a href='function.preg-match'>function.preg-match</a>]: Compilation failed: missing terminating ] for character class at offset 8 E:\wamp\www\zun\App\Lib\Action\Main\MainBaseAction.class.php 第 132 行.

[ 2014-02-09T23:59:09+08:00 ] 127.0.0.1 /index.php/Main/Form/form_elements
INFO: [ route_check ] --START--
INFO: CheckRoute Behavior ::run [ RunTime:0.000727s ]
INFO: [ route_check ] --END-- [ RunTime:0.000837s ]
INFO: [ app_begin ] --START--
INFO: ReadHtmlCache Behavior ::run [ RunTime:0.000555s ]
INFO: CheckLang Behavior ::run [ RunTime:0.000847s ]
INFO: [ app_begin ] --END-- [ RunTime:0.001563s ]
NOTIC: [2] preg_match() [<a href='function.preg-match'>function.preg-match</a>]: Compilation failed: missing terminating ] for character class at offset 8 E:\wamp\www\zun\App\Lib\Action\Main\MainBaseAction.class.php 第 134 行.

[ 2014-02-09T23:59:10+08:00 ] 127.0.0.1 /index.php/Main/Form/form_elements
INFO: [ route_check ] --START--
INFO: CheckRoute Behavior ::run [ RunTime:0.000719s ]
INFO: [ route_check ] --END-- [ RunTime:0.000825s ]
INFO: [ app_begin ] --START--
INFO: ReadHtmlCache Behavior ::run [ RunTime:0.000623s ]
INFO: CheckLang Behavior ::run [ RunTime:0.001173s ]
INFO: [ app_begin ] --END-- [ RunTime:0.001948s ]
NOTIC: [2] preg_match() [<a href='function.preg-match'>function.preg-match</a>]: Compilation failed: missing terminating ] for character class at offset 8 E:\wamp\www\zun\App\Lib\Action\Main\MainBaseAction.class.php 第 134 行.

[ 2014-02-09T23:59:10+08:00 ] 127.0.0.1 /index.php/Main/Form/form_elements
INFO: [ route_check ] --START--
INFO: CheckRoute Behavior ::run [ RunTime:0.001124s ]
INFO: [ route_check ] --END-- [ RunTime:0.001286s ]
INFO: [ app_begin ] --START--
INFO: ReadHtmlCache Behavior ::run [ RunTime:0.000866s ]
INFO: CheckLang Behavior ::run [ RunTime:0.001320s ]
INFO: [ app_begin ] --END-- [ RunTime:0.002414s ]
NOTIC: [2] preg_match() [<a href='function.preg-match'>function.preg-match</a>]: Compilation failed: missing terminating ] for character class at offset 8 E:\wamp\www\zun\App\Lib\Action\Main\MainBaseAction.class.php 第 134 行.

[ 2014-02-09T23:59:11+08:00 ] 192.168.1.100 /zun/Main/Form/form_elements
INFO: [ route_check ] --START--
INFO: CheckRoute Behavior ::run [ RunTime:0.001349s ]
INFO: [ route_check ] --END-- [ RunTime:0.001546s ]
INFO: [ app_begin ] --START--
INFO: ReadHtmlCache Behavior ::run [ RunTime:0.001103s ]
INFO: CheckLang Behavior ::run [ RunTime:0.001606s ]
INFO: [ app_begin ] --END-- [ RunTime:0.003001s ]
NOTIC: [2] preg_match() [<a href='function.preg-match'>function.preg-match</a>]: Compilation failed: missing terminating ] for character class at offset 8 E:\wamp\www\zun\App\Lib\Action\Main\MainBaseAction.class.php 第 134 行.

[ 2014-02-09T23:59:11+08:00 ] 192.168.1.100 /zun/Main/Form/form_elements
INFO: [ route_check ] --START--
INFO: CheckRoute Behavior ::run [ RunTime:0.001214s ]
INFO: [ route_check ] --END-- [ RunTime:0.001390s ]
INFO: [ app_begin ] --START--
INFO: ReadHtmlCache Behavior ::run [ RunTime:0.000977s ]
INFO: CheckLang Behavior ::run [ RunTime:0.001428s ]
INFO: [ app_begin ] --END-- [ RunTime:0.002663s ]
NOTIC: [2] preg_match() [<a href='function.preg-match'>function.preg-match</a>]: Compilation failed: missing terminating ] for character class at offset 8 E:\wamp\www\zun\App\Lib\Action\Main\MainBaseAction.class.php 第 134 行.

[ 2014-02-09T23:59:20+08:00 ] 192.168.1.100 /zun/Main/Form/form_elements
INFO: [ route_check ] --START--
INFO: CheckRoute Behavior ::run [ RunTime:0.001151s ]
INFO: [ route_check ] --END-- [ RunTime:0.001317s ]
INFO: [ app_begin ] --START--
INFO: ReadHtmlCache Behavior ::run [ RunTime:0.000904s ]
INFO: CheckLang Behavior ::run [ RunTime:0.002497s ]
INFO: [ app_begin ] --END-- [ RunTime:0.003641s ]
NOTIC: [2] preg_match() [<a href='function.preg-match'>function.preg-match</a>]: Compilation failed: missing terminating ] for character class at offset 8 E:\wamp\www\zun\App\Lib\Action\Main\MainBaseAction.class.php 第 135 行.

[ 2014-02-09T23:59:42+08:00 ] 192.168.1.100 /zun/Main/Form/form_elements
INFO: [ route_check ] --START--
INFO: CheckRoute Behavior ::run [ RunTime:0.000749s ]
INFO: [ route_check ] --END-- [ RunTime:0.000862s ]
INFO: [ app_begin ] --START--
INFO: ReadHtmlCache Behavior ::run [ RunTime:0.000586s ]
INFO: CheckLang Behavior ::run [ RunTime:0.000860s ]
INFO: [ app_begin ] --END-- [ RunTime:0.001602s ]
NOTIC: [2] preg_match() [<a href='function.preg-match'>function.preg-match</a>]: Compilation failed: missing terminating ] for character class at offset 8 E:\wamp\www\zun\App\Lib\Action\Main\MainBaseAction.class.php 第 133 行.

[ 2014-02-09T23:59:43+08:00 ] 192.168.1.100 /zun/Main/Form/form_elements
INFO: [ route_check ] --START--
INFO: CheckRoute Behavior ::run [ RunTime:0.001218s ]
INFO: [ route_check ] --END-- [ RunTime:0.001446s ]
INFO: [ app_begin ] --START--
INFO: ReadHtmlCache Behavior ::run [ RunTime:0.001033s ]
INFO: CheckLang Behavior ::run [ RunTime:0.001618s ]
INFO: [ app_begin ] --END-- [ RunTime:0.002894s ]
NOTIC: [2] preg_match() [<a href='function.preg-match'>function.preg-match</a>]: Compilation failed: missing terminating ] for character class at offset 8 E:\wamp\www\zun\App\Lib\Action\Main\MainBaseAction.class.php 第 133 行.

[ 2014-02-09T23:59:43+08:00 ] 192.168.1.100 /zun/Main/Form/form_elements
INFO: [ route_check ] --START--
INFO: CheckRoute Behavior ::run [ RunTime:0.001080s ]
INFO: [ route_check ] --END-- [ RunTime:0.001241s ]
INFO: [ app_begin ] --START--
INFO: ReadHtmlCache Behavior ::run [ RunTime:0.000870s ]
INFO: CheckLang Behavior ::run [ RunTime:0.001291s ]
INFO: [ app_begin ] --END-- [ RunTime:0.002395s ]
NOTIC: [2] preg_match() [<a href='function.preg-match'>function.preg-match</a>]: Compilation failed: missing terminating ] for character class at offset 8 E:\wamp\www\zun\App\Lib\Action\Main\MainBaseAction.class.php 第 133 行.

[ 2014-02-09T23:59:44+08:00 ] 127.0.0.1 /index.php/Main/Form/form_elements
INFO: [ route_check ] --START--
INFO: CheckRoute Behavior ::run [ RunTime:0.001173s ]
INFO: [ route_check ] --END-- [ RunTime:0.001343s ]
INFO: [ app_begin ] --START--
INFO: ReadHtmlCache Behavior ::run [ RunTime:0.000953s ]
INFO: CheckLang Behavior ::run [ RunTime:0.001466s ]
INFO: [ app_begin ] --END-- [ RunTime:0.002667s ]
NOTIC: [2] preg_match() [<a href='function.preg-match'>function.preg-match</a>]: Compilation failed: missing terminating ] for character class at offset 8 E:\wamp\www\zun\App\Lib\Action\Main\MainBaseAction.class.php 第 133 行.

[ 2014-02-09T23:59:54+08:00 ] 127.0.0.1 /index.php/Main/Form/form_elements
INFO: [ route_check ] --START--
INFO: CheckRoute Behavior ::run [ RunTime:0.001126s ]
INFO: [ route_check ] --END-- [ RunTime:0.001289s ]
INFO: [ app_begin ] --START--
INFO: ReadHtmlCache Behavior ::run [ RunTime:0.000868s ]
INFO: CheckLang Behavior ::run [ RunTime:0.001303s ]
INFO: [ app_begin ] --END-- [ RunTime:0.002399s ]
NOTIC: [2] preg_match() [<a href='function.preg-match'>function.preg-match</a>]: Compilation failed: missing terminating ] for character class at offset 8 E:\wamp\www\zun\App\Lib\Action\Main\MainBaseAction.class.php 第 133 行.

[ 2014-02-09T23:59:54+08:00 ] 127.0.0.1 /index.php/Main/Form/form_elements
INFO: [ route_check ] --START--
INFO: CheckRoute Behavior ::run [ RunTime:0.001072s ]
INFO: [ route_check ] --END-- [ RunTime:0.001211s ]
INFO: [ app_begin ] --START--
INFO: ReadHtmlCache Behavior ::run [ RunTime:0.000554s ]
INFO: CheckLang Behavior ::run [ RunTime:0.000878s ]
INFO: [ app_begin ] --END-- [ RunTime:0.001579s ]
NOTIC: [2] preg_match() [<a href='function.preg-match'>function.preg-match</a>]: Compilation failed: missing terminating ] for character class at offset 8 E:\wamp\www\zun\App\Lib\Action\Main\MainBaseAction.class.php 第 133 行.

[ 2014-02-09T23:59:54+08:00 ] 127.0.0.1 /index.php/Main/Form/form_elements
INFO: [ route_check ] --START--
INFO: CheckRoute Behavior ::run [ RunTime:0.000719s ]
INFO: [ route_check ] --END-- [ RunTime:0.000826s ]
INFO: [ app_begin ] --START--
INFO: ReadHtmlCache Behavior ::run [ RunTime:0.000557s ]
INFO: CheckLang Behavior ::run [ RunTime:0.000828s ]
INFO: [ app_begin ] --END-- [ RunTime:0.001538s ]
NOTIC: [2] preg_match() [<a href='function.preg-match'>function.preg-match</a>]: Compilation failed: missing terminating ] for character class at offset 8 E:\wamp\www\zun\App\Lib\Action\Main\MainBaseAction.class.php 第 133 行.

[ 2014-02-09T23:59:55+08:00 ] 192.168.1.100 /zun/Main/Form/form_elements
INFO: [ route_check ] --START--
INFO: CheckRoute Behavior ::run [ RunTime:0.001048s ]
INFO: [ route_check ] --END-- [ RunTime:0.001201s ]
INFO: [ app_begin ] --START--
INFO: ReadHtmlCache Behavior ::run [ RunTime:0.000839s ]
INFO: CheckLang Behavior ::run [ RunTime:0.001238s ]
INFO: [ app_begin ] --END-- [ RunTime:0.002299s ]
NOTIC: [2] preg_match() [<a href='function.preg-match'>function.preg-match</a>]: Compilation failed: missing terminating ] for character class at offset 8 E:\wamp\www\zun\App\Lib\Action\Main\MainBaseAction.class.php 第 133 行.

[ 2014-02-09T23:59:55+08:00 ] 192.168.1.100 /zun/Main/Form/form_elements
INFO: [ route_check ] --START--
INFO: CheckRoute Behavior ::run [ RunTime:0.001353s ]
INFO: [ route_check ] --END-- [ RunTime:0.001549s ]
INFO: [ app_begin ] --START--
INFO: ReadHtmlCache Behavior ::run [ RunTime:0.001119s ]
INFO: CheckLang Behavior ::run [ RunTime:0.001630s ]
INFO: [ app_begin ] --END-- [ RunTime:0.003047s ]
NOTIC: [2] preg_match() [<a href='function.preg-match'>function.preg-match</a>]: Compilation failed: missing terminating ] for character class at offset 8 E:\wamp\www\zun\App\Lib\Action\Main\MainBaseAction.class.php 第 133 行.

