[ 2014-02-10T13:51:18+08:00 ] 127.0.0.1 /zun/index.php?s=/Hotel/Login
INFO: [ route_check ] --START--
INFO: CheckRoute Behavior ::run [ RunTime:0.001341s ]
INFO: [ route_check ] --END-- [ RunTime:0.001488s ]
INFO: [ app_begin ] --START--
INFO: ReadHtmlCache Behavior ::run [ RunTime:0.001141s ]
INFO: CheckLang Behavior ::run [ RunTime:0.001999s ]
INFO: [ app_begin ] --END-- [ RunTime:0.003381s ]
NOTIC: [8] Constant THEME_NAME already defined D:\www\www\ThinkPHP\ThinkPHP3.1.3\Lib\Core\View.class.php 第 223 行.
NOTIC: [8] Constant THEME_PATH already defined D:\www\www\ThinkPHP\ThinkPHP3.1.3\Lib\Core\View.class.php 第 174 行.
NOTIC: [8] Constant APP_TMPL_PATH already defined D:\www\www\ThinkPHP\ThinkPHP3.1.3\Lib\Core\View.class.php 第 175 行.
INFO: [ view_parse ] --START--
INFO: ParseTemplate Behavior ::run [ RunTime:0.014986s ]
INFO: [ view_parse ] --END-- [ RunTime:0.015138s ]
INFO: [ view_filter ] --START--
INFO: ContentReplace Behavior ::run [ RunTime:0.000987s ]
INFO: TokenBuild Behavior ::run [ RunTime:0.001086s ]
INFO: WriteHtmlCache Behavior ::run [ RunTime:0.000922s ]
INFO: ShowRuntime Behavior ::run [ RunTime:0.001051s ]
INFO: [ view_filter ] --END-- [ RunTime:0.004397s ]
INFO: [ view_end ] --START--
INFO: ShowPageTrace Behavior ::run [ RunTime:0.001475s ]
INFO: [ view_end ] --END-- [ RunTime:0.001595s ]

[ 2014-02-10T13:53:38+08:00 ] 127.0.0.1 /zun/index.php?s=/Hotel/Login
INFO: [ route_check ] --START--
INFO: CheckRoute Behavior ::run [ RunTime:0.002004s ]
INFO: [ route_check ] --END-- [ RunTime:0.002491s ]
INFO: [ app_begin ] --START--
INFO: ReadHtmlCache Behavior ::run [ RunTime:0.001309s ]
INFO: CheckLang Behavior ::run [ RunTime:0.002430s ]
INFO: [ app_begin ] --END-- [ RunTime:0.004059s ]
NOTIC: [8] Constant THEME_NAME already defined D:\www\www\ThinkPHP\ThinkPHP3.1.3\Lib\Core\View.class.php 第 223 行.
NOTIC: [8] Constant THEME_PATH already defined D:\www\www\ThinkPHP\ThinkPHP3.1.3\Lib\Core\View.class.php 第 174 行.
NOTIC: [8] Constant APP_TMPL_PATH already defined D:\www\www\ThinkPHP\ThinkPHP3.1.3\Lib\Core\View.class.php 第 175 行.
INFO: [ view_parse ] --START--
INFO: ParseTemplate Behavior ::run [ RunTime:0.010391s ]
INFO: [ view_parse ] --END-- [ RunTime:0.010547s ]
INFO: [ view_filter ] --START--
INFO: ContentReplace Behavior ::run [ RunTime:0.000869s ]
INFO: TokenBuild Behavior ::run [ RunTime:0.000909s ]
INFO: WriteHtmlCache Behavior ::run [ RunTime:0.000744s ]
INFO: ShowRuntime Behavior ::run [ RunTime:0.000848s ]
INFO: [ view_filter ] --END-- [ RunTime:0.003709s ]
INFO: [ view_end ] --START--
INFO: ShowPageTrace Behavior ::run [ RunTime:0.000974s ]
INFO: [ view_end ] --END-- [ RunTime:0.001077s ]

